C:\USERS\KIRITO\DOCUMENTS\VISUAL STUDIO 2010\PROJECTS\PICTURE\DEBUG\PICTURE.EXE
C:\USERS\KIRITO\DOCUMENTS\VISUAL STUDIO 2010\PROJECTS\PICTURE\DEBUG\PICTURE.ILK
C:\USERS\KIRITO\DOCUMENTS\VISUAL STUDIO 2010\PROJECTS\PICTURE\DEBUG\PICTURE.PDB
C:\Users\Kirito\Documents\Visual Studio 2010\Projects\picture\picture\Debug\cl.command.1.tlog
C:\Users\Kirito\Documents\Visual Studio 2010\Projects\picture\picture\Debug\CL.read.1.tlog
C:\Users\Kirito\Documents\Visual Studio 2010\Projects\picture\picture\Debug\CL.write.1.tlog
C:\USERS\KIRITO\DOCUMENTS\VISUAL STUDIO 2010\PROJECTS\PICTURE\PICTURE\DEBUG\CVVIMAGE.OBJ
C:\USERS\KIRITO\DOCUMENTS\VISUAL STUDIO 2010\PROJECTS\PICTURE\PICTURE\DEBUG\EXPGRAYTRANDLG.OBJ
C:\USERS\KIRITO\DOCUMENTS\VISUAL STUDIO 2010\PROJECTS\PICTURE\PICTURE\DEBUG\GAMMATRANDLG.OBJ
C:\USERS\KIRITO\DOCUMENTS\VISUAL STUDIO 2010\PROJECTS\PICTURE\PICTURE\DEBUG\GEOMETRICTRANDLG.OBJ
C:\USERS\KIRITO\DOCUMENTS\VISUAL STUDIO 2010\PROJECTS\PICTURE\PICTURE\DEBUG\GREYDLG.OBJ
C:\USERS\KIRITO\DOCUMENTS\VISUAL STUDIO 2010\PROJECTS\PICTURE\PICTURE\DEBUG\IMAGEBASE.OBJ
C:\USERS\KIRITO\DOCUMENTS\VISUAL STUDIO 2010\PROJECTS\PICTURE\PICTURE\DEBUG\IMAGEENHANCEMENT.OBJ
C:\USERS\KIRITO\DOCUMENTS\VISUAL STUDIO 2010\PROJECTS\PICTURE\PICTURE\DEBUG\IMAGEFEATURES.OBJ
C:\USERS\KIRITO\DOCUMENTS\VISUAL STUDIO 2010\PROJECTS\PICTURE\PICTURE\DEBUG\IMAGEGEOMETRY.OBJ
C:\USERS\KIRITO\DOCUMENTS\VISUAL STUDIO 2010\PROJECTS\PICTURE\PICTURE\DEBUG\IMAGEMATHEMATICALMORPHOLOGY.OBJ
C:\USERS\KIRITO\DOCUMENTS\VISUAL STUDIO 2010\PROJECTS\PICTURE\PICTURE\DEBUG\IMAGESEGMENTATION.OBJ
C:\Users\Kirito\Documents\Visual Studio 2010\Projects\picture\picture\Debug\link.15264.read.1.tlog
C:\Users\Kirito\Documents\Visual Studio 2010\Projects\picture\picture\Debug\link.15264.write.1.tlog
C:\Users\Kirito\Documents\Visual Studio 2010\Projects\picture\picture\Debug\link.15264-cvtres.read.1.tlog
C:\Users\Kirito\Documents\Visual Studio 2010\Projects\picture\picture\Debug\link.15264-cvtres.write.1.tlog
C:\Users\Kirito\Documents\Visual Studio 2010\Projects\picture\picture\Debug\link.192.read.1.tlog
C:\Users\Kirito\Documents\Visual Studio 2010\Projects\picture\picture\Debug\link.192.write.1.tlog
C:\Users\Kirito\Documents\Visual Studio 2010\Projects\picture\picture\Debug\link.192-cvtres.read.1.tlog
C:\Users\Kirito\Documents\Visual Studio 2010\Projects\picture\picture\Debug\link.192-cvtres.write.1.tlog
C:\Users\Kirito\Documents\Visual Studio 2010\Projects\picture\picture\Debug\link.command.1.tlog
C:\Users\Kirito\Documents\Visual Studio 2010\Projects\picture\picture\Debug\link.read.1.tlog
C:\Users\Kirito\Documents\Visual Studio 2010\Projects\picture\picture\Debug\link.write.1.tlog
C:\Users\Kirito\Documents\Visual Studio 2010\Projects\picture\picture\Debug\link-cvtres.read.1.tlog
C:\Users\Kirito\Documents\Visual Studio 2010\Projects\picture\picture\Debug\link-cvtres.write.1.tlog
C:\USERS\KIRITO\DOCUMENTS\VISUAL STUDIO 2010\PROJECTS\PICTURE\PICTURE\DEBUG\LOGARITHMDLG.OBJ
C:\USERS\KIRITO\DOCUMENTS\VISUAL STUDIO 2010\PROJECTS\PICTURE\PICTURE\DEBUG\MINTHRESHOLDDLG.OBJ
C:\USERS\KIRITO\DOCUMENTS\VISUAL STUDIO 2010\PROJECTS\PICTURE\PICTURE\DEBUG\MORPHOLOGYDLG.OBJ
C:\Users\Kirito\Documents\Visual Studio 2010\Projects\picture\picture\Debug\mt.command.1.tlog
C:\Users\Kirito\Documents\Visual Studio 2010\Projects\picture\picture\Debug\mt.read.1.tlog
C:\Users\Kirito\Documents\Visual Studio 2010\Projects\picture\picture\Debug\mt.write.1.tlog
C:\USERS\KIRITO\DOCUMENTS\VISUAL STUDIO 2010\PROJECTS\PICTURE\PICTURE\DEBUG\PICTURE.EXE.EMBED.MANIFEST
C:\USERS\KIRITO\DOCUMENTS\VISUAL STUDIO 2010\PROJECTS\PICTURE\PICTURE\DEBUG\PICTURE.EXE.EMBED.MANIFEST.RES
C:\USERS\KIRITO\DOCUMENTS\VISUAL STUDIO 2010\PROJECTS\PICTURE\PICTURE\DEBUG\PICTURE.EXE.INTERMEDIATE.MANIFEST
C:\USERS\KIRITO\DOCUMENTS\VISUAL STUDIO 2010\PROJECTS\PICTURE\PICTURE\DEBUG\PICTURE.OBJ
C:\USERS\KIRITO\DOCUMENTS\VISUAL STUDIO 2010\PROJECTS\PICTURE\PICTURE\DEBUG\PICTURE.PCH
C:\USERS\KIRITO\DOCUMENTS\VISUAL STUDIO 2010\PROJECTS\PICTURE\PICTURE\DEBUG\PICTURE.RES
C:\Users\Kirito\Documents\Visual Studio 2010\Projects\picture\picture\Debug\picture.vcxprojResolveAssemblyReference.cache
C:\Users\Kirito\Documents\Visual Studio 2010\Projects\picture\picture\Debug\picture.write.1.tlog
C:\Users\Kirito\Documents\Visual Studio 2010\Projects\picture\picture\Debug\picture_manifest.rc
C:\USERS\KIRITO\DOCUMENTS\VISUAL STUDIO 2010\PROJECTS\PICTURE\PICTURE\DEBUG\PICTUREDLG.OBJ
C:\Users\Kirito\Documents\Visual Studio 2010\Projects\picture\picture\Debug\rc.command.1.tlog
C:\Users\Kirito\Documents\Visual Studio 2010\Projects\picture\picture\Debug\rc.read.1.tlog
C:\Users\Kirito\Documents\Visual Studio 2010\Projects\picture\picture\Debug\rc.write.1.tlog
C:\USERS\KIRITO\DOCUMENTS\VISUAL STUDIO 2010\PROJECTS\PICTURE\PICTURE\DEBUG\STDAFX.OBJ
C:\Users\Kirito\Documents\Visual Studio 2010\Projects\picture\picture\Debug\vc100.idb
C:\USERS\KIRITO\DOCUMENTS\VISUAL STUDIO 2010\PROJECTS\PICTURE\PICTURE\DEBUG\VC100.PDB
