生成启动时间为 2017/11/28 18:49:51。
     1>项目“C:\Users\Kirito\Documents\Visual Studio 2010\Projects\picture\picture\picture.vcxproj”在节点 2 上(build 个目标)。
     1>InitializeBuildStatus:
         正在创建“Debug\picture.unsuccessfulbuild”，因为已指定“AlwaysCreate”。
       ClCompile:
         所有输出均为最新。
         E:\Program Files (x86)\Microsoft Visual Studio 10.0\VC\bin\CL.exe /c /ZI /nologo /W3 /WX- /Od /Oy- /D WIN32 /D _WINDOWS /D _DEBUG /D _MBCS /D _AFXDLL /Gm /EHsc /RTC1 /MDd /GS /fp:precise /Zc:wchar_t /Zc:forScope /Yu"StdAfx.h" /Fp"Debug\picture.pch" /Fo"Debug\\" /Fd"Debug\vc100.pdb" /Gd /TP /analyze- /errorReport:prompt pictureDlg.cpp
         pictureDlg.cpp
     1>e:\program files (x86)\opencv\build\include\opencv2\flann\logger.h(66): warning C4996: 'fopen': This function or variable may be unsafe. Consider using fopen_s instead. To disable deprecation, use _CRT_SECURE_NO_WARNINGS. See online help for details.
                 e:\program files (x86)\microsoft visual studio 10.0\vc\include\stdio.h(234) : 参见“fopen”的声明
     1>c:\users\kirito\documents\visual studio 2010\projects\picture\picture\picturedlg.cpp(349): warning C4129: “I”: 不可识别的字符转义序列
     1>c:\users\kirito\documents\visual studio 2010\projects\picture\picture\picturedlg.cpp(378): warning C4129: “V”: 不可识别的字符转义序列
     1>c:\users\kirito\documents\visual studio 2010\projects\picture\picture\picturedlg.cpp(392): warning C4129: “I”: 不可识别的字符转义序列
     1>c:\users\kirito\documents\visual studio 2010\projects\picture\picture\picturedlg.cpp(448): warning C4101: “filePosition”: 未引用的局部变量
     1>c:\users\kirito\documents\visual studio 2010\projects\picture\picture\picturedlg.cpp(635): warning C4129: “S”: 不可识别的字符转义序列
     1>c:\users\kirito\documents\visual studio 2010\projects\picture\picture\picturedlg.cpp(755): warning C4244: “参数”: 从“int”转换到“float”，可能丢失数据
     1>c:\users\kirito\documents\visual studio 2010\projects\picture\picture\picturedlg.cpp(755): warning C4244: “参数”: 从“int”转换到“float”，可能丢失数据
     1>c:\users\kirito\documents\visual studio 2010\projects\picture\picture\picturedlg.cpp(755): warning C4244: “参数”: 从“int”转换到“float”，可能丢失数据
     1>c:\users\kirito\documents\visual studio 2010\projects\picture\picture\picturedlg.cpp(755): warning C4244: “参数”: 从“int”转换到“float”，可能丢失数据
     1>c:\users\kirito\documents\visual studio 2010\projects\picture\picture\picturedlg.cpp(764): warning C4244: “参数”: 从“int”转换到“float”，可能丢失数据
     1>c:\users\kirito\documents\visual studio 2010\projects\picture\picture\picturedlg.cpp(764): warning C4244: “参数”: 从“int”转换到“float”，可能丢失数据
     1>c:\users\kirito\documents\visual studio 2010\projects\picture\picture\picturedlg.cpp(764): warning C4244: “参数”: 从“int”转换到“float”，可能丢失数据
     1>c:\users\kirito\documents\visual studio 2010\projects\picture\picture\picturedlg.cpp(859): warning C4244: “参数”: 从“double”转换到“int”，可能丢失数据
     1>c:\users\kirito\documents\visual studio 2010\projects\picture\picture\picturedlg.cpp(859): warning C4244: “参数”: 从“double”转换到“int”，可能丢失数据
     1>c:\users\kirito\documents\visual studio 2010\projects\picture\picture\picturedlg.cpp(902): warning C4244: “初始化”: 从“double”转换到“int”，可能丢失数据
     1>c:\users\kirito\documents\visual studio 2010\projects\picture\picture\picturedlg.cpp(902): warning C4244: “初始化”: 从“double”转换到“int”，可能丢失数据
     1>c:\users\kirito\documents\visual studio 2010\projects\picture\picture\picturedlg.cpp(902): warning C4244: “初始化”: 从“double”转换到“int”，可能丢失数据
     1>c:\users\kirito\documents\visual studio 2010\projects\picture\picture\picturedlg.cpp(902): warning C4244: “初始化”: 从“double”转换到“int”，可能丢失数据
     1>c:\users\kirito\documents\visual studio 2010\projects\picture\picture\picturedlg.cpp(902): warning C4244: “初始化”: 从“double”转换到“int”，可能丢失数据
     1>c:\users\kirito\documents\visual studio 2010\projects\picture\picture\picturedlg.cpp(903): warning C4244: “初始化”: 从“double”转换到“int”，可能丢失数据
     1>c:\users\kirito\documents\visual studio 2010\projects\picture\picture\picturedlg.cpp(903): warning C4244: “初始化”: 从“double”转换到“int”，可能丢失数据
     1>c:\users\kirito\documents\visual studio 2010\projects\picture\picture\picturedlg.cpp(903): warning C4244: “初始化”: 从“double”转换到“int”，可能丢失数据
     1>c:\users\kirito\documents\visual studio 2010\projects\picture\picture\picturedlg.cpp(903): warning C4244: “初始化”: 从“double”转换到“int”，可能丢失数据
     1>c:\users\kirito\documents\visual studio 2010\projects\picture\picture\picturedlg.cpp(903): warning C4244: “初始化”: 从“double”转换到“int”，可能丢失数据
     1>c:\users\kirito\documents\visual studio 2010\projects\picture\picture\picturedlg.cpp(904): warning C4244: “初始化”: 从“double”转换到“int”，可能丢失数据
     1>c:\users\kirito\documents\visual studio 2010\projects\picture\picture\picturedlg.cpp(904): warning C4244: “初始化”: 从“double”转换到“int”，可能丢失数据
     1>c:\users\kirito\documents\visual studio 2010\projects\picture\picture\picturedlg.cpp(904): warning C4244: “初始化”: 从“double”转换到“int”，可能丢失数据
     1>c:\users\kirito\documents\visual studio 2010\projects\picture\picture\picturedlg.cpp(904): warning C4244: “初始化”: 从“double”转换到“int”，可能丢失数据
     1>c:\users\kirito\documents\visual studio 2010\projects\picture\picture\picturedlg.cpp(904): warning C4244: “初始化”: 从“double”转换到“int”，可能丢失数据
     1>c:\users\kirito\documents\visual studio 2010\projects\picture\picture\picturedlg.cpp(905): warning C4244: “初始化”: 从“double”转换到“int”，可能丢失数据
     1>c:\users\kirito\documents\visual studio 2010\projects\picture\picture\picturedlg.cpp(905): warning C4244: “初始化”: 从“double”转换到“int”，可能丢失数据
     1>c:\users\kirito\documents\visual studio 2010\projects\picture\picture\picturedlg.cpp(905): warning C4244: “初始化”: 从“double”转换到“int”，可能丢失数据
     1>c:\users\kirito\documents\visual studio 2010\projects\picture\picture\picturedlg.cpp(905): warning C4244: “初始化”: 从“double”转换到“int”，可能丢失数据
     1>c:\users\kirito\documents\visual studio 2010\projects\picture\picture\picturedlg.cpp(905): warning C4244: “初始化”: 从“double”转换到“int”，可能丢失数据
     1>c:\users\kirito\documents\visual studio 2010\projects\picture\picture\picturedlg.cpp(906): warning C4244: “初始化”: 从“double”转换到“int”，可能丢失数据
     1>c:\users\kirito\documents\visual studio 2010\projects\picture\picture\picturedlg.cpp(906): warning C4244: “初始化”: 从“double”转换到“int”，可能丢失数据
     1>c:\users\kirito\documents\visual studio 2010\projects\picture\picture\picturedlg.cpp(906): warning C4244: “初始化”: 从“double”转换到“int”，可能丢失数据
     1>c:\users\kirito\documents\visual studio 2010\projects\picture\picture\picturedlg.cpp(906): warning C4244: “初始化”: 从“double”转换到“int”，可能丢失数据
     1>c:\users\kirito\documents\visual studio 2010\projects\picture\picture\picturedlg.cpp(906): warning C4244: “初始化”: 从“double”转换到“int”，可能丢失数据
     1>c:\users\kirito\documents\visual studio 2010\projects\picture\picture\picturedlg.cpp(918): warning C4244: “初始化”: 从“double”转换到“int”，可能丢失数据
     1>c:\users\kirito\documents\visual studio 2010\projects\picture\picture\picturedlg.cpp(918): warning C4244: “初始化”: 从“double”转换到“int”，可能丢失数据
     1>c:\users\kirito\documents\visual studio 2010\projects\picture\picture\picturedlg.cpp(918): warning C4244: “初始化”: 从“double”转换到“int”，可能丢失数据
     1>c:\users\kirito\documents\visual studio 2010\projects\picture\picture\picturedlg.cpp(918): warning C4244: “初始化”: 从“double”转换到“int”，可能丢失数据
     1>c:\users\kirito\documents\visual studio 2010\projects\picture\picture\picturedlg.cpp(918): warning C4244: “初始化”: 从“double”转换到“int”，可能丢失数据
     1>c:\users\kirito\documents\visual studio 2010\projects\picture\picture\picturedlg.cpp(919): warning C4244: “初始化”: 从“double”转换到“int”，可能丢失数据
     1>c:\users\kirito\documents\visual studio 2010\projects\picture\picture\picturedlg.cpp(919): warning C4244: “初始化”: 从“double”转换到“int”，可能丢失数据
     1>c:\users\kirito\documents\visual studio 2010\projects\picture\picture\picturedlg.cpp(919): warning C4244: “初始化”: 从“double”转换到“int”，可能丢失数据
     1>c:\users\kirito\documents\visual studio 2010\projects\picture\picture\picturedlg.cpp(919): warning C4244: “初始化”: 从“double”转换到“int”，可能丢失数据
     1>c:\users\kirito\documents\visual studio 2010\projects\picture\picture\picturedlg.cpp(919): warning C4244: “初始化”: 从“double”转换到“int”，可能丢失数据
     1>c:\users\kirito\documents\visual studio 2010\projects\picture\picture\picturedlg.cpp(920): warning C4244: “初始化”: 从“double”转换到“int”，可能丢失数据
     1>c:\users\kirito\documents\visual studio 2010\projects\picture\picture\picturedlg.cpp(920): warning C4244: “初始化”: 从“double”转换到“int”，可能丢失数据
     1>c:\users\kirito\documents\visual studio 2010\projects\picture\picture\picturedlg.cpp(920): warning C4244: “初始化”: 从“double”转换到“int”，可能丢失数据
     1>c:\users\kirito\documents\visual studio 2010\projects\picture\picture\picturedlg.cpp(920): warning C4244: “初始化”: 从“double”转换到“int”，可能丢失数据
     1>c:\users\kirito\documents\visual studio 2010\projects\picture\picture\picturedlg.cpp(920): warning C4244: “初始化”: 从“double”转换到“int”，可能丢失数据
     1>c:\users\kirito\documents\visual studio 2010\projects\picture\picture\picturedlg.cpp(921): warning C4244: “初始化”: 从“double”转换到“int”，可能丢失数据
     1>c:\users\kirito\documents\visual studio 2010\projects\picture\picture\picturedlg.cpp(921): warning C4244: “初始化”: 从“double”转换到“int”，可能丢失数据
     1>c:\users\kirito\documents\visual studio 2010\projects\picture\picture\picturedlg.cpp(921): warning C4244: “初始化”: 从“double”转换到“int”，可能丢失数据
     1>c:\users\kirito\documents\visual studio 2010\projects\picture\picture\picturedlg.cpp(921): warning C4244: “初始化”: 从“double”转换到“int”，可能丢失数据
     1>c:\users\kirito\documents\visual studio 2010\projects\picture\picture\picturedlg.cpp(921): warning C4244: “初始化”: 从“double”转换到“int”，可能丢失数据
     1>c:\users\kirito\documents\visual studio 2010\projects\picture\picture\picturedlg.cpp(922): warning C4244: “初始化”: 从“double”转换到“int”，可能丢失数据
     1>c:\users\kirito\documents\visual studio 2010\projects\picture\picture\picturedlg.cpp(922): warning C4244: “初始化”: 从“double”转换到“int”，可能丢失数据
     1>c:\users\kirito\documents\visual studio 2010\projects\picture\picture\picturedlg.cpp(922): warning C4244: “初始化”: 从“double”转换到“int”，可能丢失数据
     1>c:\users\kirito\documents\visual studio 2010\projects\picture\picture\picturedlg.cpp(922): warning C4244: “初始化”: 从“double”转换到“int”，可能丢失数据
     1>c:\users\kirito\documents\visual studio 2010\projects\picture\picture\picturedlg.cpp(922): warning C4244: “初始化”: 从“double”转换到“int”，可能丢失数据
     1>c:\users\kirito\documents\visual studio 2010\projects\picture\picture\picturedlg.cpp(933): warning C4244: “初始化”: 从“double”转换到“int”，可能丢失数据
     1>c:\users\kirito\documents\visual studio 2010\projects\picture\picture\picturedlg.cpp(933): warning C4244: “初始化”: 从“double”转换到“int”，可能丢失数据
     1>c:\users\kirito\documents\visual studio 2010\projects\picture\picture\picturedlg.cpp(933): warning C4244: “初始化”: 从“double”转换到“int”，可能丢失数据
     1>c:\users\kirito\documents\visual studio 2010\projects\picture\picture\picturedlg.cpp(933): warning C4244: “初始化”: 从“double”转换到“int”，可能丢失数据
     1>c:\users\kirito\documents\visual studio 2010\projects\picture\picture\picturedlg.cpp(933): warning C4244: “初始化”: 从“double”转换到“int”，可能丢失数据
     1>c:\users\kirito\documents\visual studio 2010\projects\picture\picture\picturedlg.cpp(934): warning C4244: “初始化”: 从“double”转换到“int”，可能丢失数据
     1>c:\users\kirito\documents\visual studio 2010\projects\picture\picture\picturedlg.cpp(934): warning C4244: “初始化”: 从“double”转换到“int”，可能丢失数据
     1>c:\users\kirito\documents\visual studio 2010\projects\picture\picture\picturedlg.cpp(934): warning C4244: “初始化”: 从“double”转换到“int”，可能丢失数据
     1>c:\users\kirito\documents\visual studio 2010\projects\picture\picture\picturedlg.cpp(934): warning C4244: “初始化”: 从“double”转换到“int”，可能丢失数据
     1>c:\users\kirito\documents\visual studio 2010\projects\picture\picture\picturedlg.cpp(934): warning C4244: “初始化”: 从“double”转换到“int”，可能丢失数据
     1>c:\users\kirito\documents\visual studio 2010\projects\picture\picture\picturedlg.cpp(935): warning C4244: “初始化”: 从“double”转换到“int”，可能丢失数据
     1>c:\users\kirito\documents\visual studio 2010\projects\picture\picture\picturedlg.cpp(935): warning C4244: “初始化”: 从“double”转换到“int”，可能丢失数据
     1>c:\users\kirito\documents\visual studio 2010\projects\picture\picture\picturedlg.cpp(935): warning C4244: “初始化”: 从“double”转换到“int”，可能丢失数据
     1>c:\users\kirito\documents\visual studio 2010\projects\picture\picture\picturedlg.cpp(935): warning C4244: “初始化”: 从“double”转换到“int”，可能丢失数据
     1>c:\users\kirito\documents\visual studio 2010\projects\picture\picture\picturedlg.cpp(935): warning C4244: “初始化”: 从“double”转换到“int”，可能丢失数据
     1>c:\users\kirito\documents\visual studio 2010\projects\picture\picture\picturedlg.cpp(936): warning C4244: “初始化”: 从“double”转换到“int”，可能丢失数据
     1>c:\users\kirito\documents\visual studio 2010\projects\picture\picture\picturedlg.cpp(936): warning C4244: “初始化”: 从“double”转换到“int”，可能丢失数据
     1>c:\users\kirito\documents\visual studio 2010\projects\picture\picture\picturedlg.cpp(936): warning C4244: “初始化”: 从“double”转换到“int”，可能丢失数据
     1>c:\users\kirito\documents\visual studio 2010\projects\picture\picture\picturedlg.cpp(936): warning C4244: “初始化”: 从“double”转换到“int”，可能丢失数据
     1>c:\users\kirito\documents\visual studio 2010\projects\picture\picture\picturedlg.cpp(936): warning C4244: “初始化”: 从“double”转换到“int”，可能丢失数据
     1>c:\users\kirito\documents\visual studio 2010\projects\picture\picture\picturedlg.cpp(937): warning C4244: “初始化”: 从“double”转换到“int”，可能丢失数据
     1>c:\users\kirito\documents\visual studio 2010\projects\picture\picture\picturedlg.cpp(937): warning C4244: “初始化”: 从“double”转换到“int”，可能丢失数据
     1>c:\users\kirito\documents\visual studio 2010\projects\picture\picture\picturedlg.cpp(937): warning C4244: “初始化”: 从“double”转换到“int”，可能丢失数据
     1>c:\users\kirito\documents\visual studio 2010\projects\picture\picture\picturedlg.cpp(937): warning C4244: “初始化”: 从“double”转换到“int”，可能丢失数据
     1>c:\users\kirito\documents\visual studio 2010\projects\picture\picture\picturedlg.cpp(937): warning C4244: “初始化”: 从“double”转换到“int”，可能丢失数据
     1>c:\users\kirito\documents\visual studio 2010\projects\picture\picture\picturedlg.cpp(948): warning C4244: “初始化”: 从“double”转换到“int”，可能丢失数据
     1>c:\users\kirito\documents\visual studio 2010\projects\picture\picture\picturedlg.cpp(948): warning C4244: “初始化”: 从“double”转换到“int”，可能丢失数据
     1>c:\users\kirito\documents\visual studio 2010\projects\picture\picture\picturedlg.cpp(948): warning C4244: “初始化”: 从“double”转换到“int”，可能丢失数据
     1>c:\users\kirito\documents\visual studio 2010\projects\picture\picture\picturedlg.cpp(948): warning C4244: “初始化”: 从“double”转换到“int”，可能丢失数据
     1>c:\users\kirito\documents\visual studio 2010\projects\picture\picture\picturedlg.cpp(948): warning C4244: “初始化”: 从“double”转换到“int”，可能丢失数据
     1>c:\users\kirito\documents\visual studio 2010\projects\picture\picture\picturedlg.cpp(949): warning C4244: “初始化”: 从“double”转换到“int”，可能丢失数据
     1>c:\users\kirito\documents\visual studio 2010\projects\picture\picture\picturedlg.cpp(949): warning C4244: “初始化”: 从“double”转换到“int”，可能丢失数据
     1>c:\users\kirito\documents\visual studio 2010\projects\picture\picture\picturedlg.cpp(949): warning C4244: “初始化”: 从“double”转换到“int”，可能丢失数据
     1>c:\users\kirito\documents\visual studio 2010\projects\picture\picture\picturedlg.cpp(949): warning C4244: “初始化”: 从“double”转换到“int”，可能丢失数据
     1>c:\users\kirito\documents\visual studio 2010\projects\picture\picture\picturedlg.cpp(949): warning C4244: “初始化”: 从“double”转换到“int”，可能丢失数据
     1>c:\users\kirito\documents\visual studio 2010\projects\picture\picture\picturedlg.cpp(950): warning C4244: “初始化”: 从“double”转换到“int”，可能丢失数据
     1>c:\users\kirito\documents\visual studio 2010\projects\picture\picture\picturedlg.cpp(950): warning C4244: “初始化”: 从“double”转换到“int”，可能丢失数据
     1>c:\users\kirito\documents\visual studio 2010\projects\picture\picture\picturedlg.cpp(950): warning C4244: “初始化”: 从“double”转换到“int”，可能丢失数据
     1>c:\users\kirito\documents\visual studio 2010\projects\picture\picture\picturedlg.cpp(950): warning C4244: “初始化”: 从“double”转换到“int”，可能丢失数据
     1>c:\users\kirito\documents\visual studio 2010\projects\picture\picture\picturedlg.cpp(950): warning C4244: “初始化”: 从“double”转换到“int”，可能丢失数据
     1>c:\users\kirito\documents\visual studio 2010\projects\picture\picture\picturedlg.cpp(951): warning C4244: “初始化”: 从“double”转换到“int”，可能丢失数据
     1>c:\users\kirito\documents\visual studio 2010\projects\picture\picture\picturedlg.cpp(951): warning C4244: “初始化”: 从“double”转换到“int”，可能丢失数据
     1>c:\users\kirito\documents\visual studio 2010\projects\picture\picture\picturedlg.cpp(951): warning C4244: “初始化”: 从“double”转换到“int”，可能丢失数据
     1>c:\users\kirito\documents\visual studio 2010\projects\picture\picture\picturedlg.cpp(951): warning C4244: “初始化”: 从“double”转换到“int”，可能丢失数据
     1>c:\users\kirito\documents\visual studio 2010\projects\picture\picture\picturedlg.cpp(951): warning C4244: “初始化”: 从“double”转换到“int”，可能丢失数据
     1>c:\users\kirito\documents\visual studio 2010\projects\picture\picture\picturedlg.cpp(952): warning C4244: “初始化”: 从“double”转换到“int”，可能丢失数据
     1>c:\users\kirito\documents\visual studio 2010\projects\picture\picture\picturedlg.cpp(952): warning C4244: “初始化”: 从“double”转换到“int”，可能丢失数据
     1>c:\users\kirito\documents\visual studio 2010\projects\picture\picture\picturedlg.cpp(952): warning C4244: “初始化”: 从“double”转换到“int”，可能丢失数据
     1>c:\users\kirito\documents\visual studio 2010\projects\picture\picture\picturedlg.cpp(952): warning C4244: “初始化”: 从“double”转换到“int”，可能丢失数据
     1>c:\users\kirito\documents\visual studio 2010\projects\picture\picture\picturedlg.cpp(952): warning C4244: “初始化”: 从“double”转换到“int”，可能丢失数据
     1>c:\users\kirito\documents\visual studio 2010\projects\picture\picture\picturedlg.cpp(982): warning C4244: “初始化”: 从“double”转换到“int”，可能丢失数据
     1>c:\users\kirito\documents\visual studio 2010\projects\picture\picture\picturedlg.cpp(982): warning C4244: “初始化”: 从“double”转换到“int”，可能丢失数据
     1>c:\users\kirito\documents\visual studio 2010\projects\picture\picture\picturedlg.cpp(982): warning C4244: “初始化”: 从“double”转换到“int”，可能丢失数据
     1>c:\users\kirito\documents\visual studio 2010\projects\picture\picture\picturedlg.cpp(982): warning C4244: “初始化”: 从“double”转换到“int”，可能丢失数据
     1>c:\users\kirito\documents\visual studio 2010\projects\picture\picture\picturedlg.cpp(982): warning C4244: “初始化”: 从“double”转换到“int”，可能丢失数据
     1>c:\users\kirito\documents\visual studio 2010\projects\picture\picture\picturedlg.cpp(983): warning C4244: “初始化”: 从“double”转换到“int”，可能丢失数据
     1>c:\users\kirito\documents\visual studio 2010\projects\picture\picture\picturedlg.cpp(983): warning C4244: “初始化”: 从“double”转换到“int”，可能丢失数据
     1>c:\users\kirito\documents\visual studio 2010\projects\picture\picture\picturedlg.cpp(983): warning C4244: “初始化”: 从“double”转换到“int”，可能丢失数据
     1>c:\users\kirito\documents\visual studio 2010\projects\picture\picture\picturedlg.cpp(983): warning C4244: “初始化”: 从“double”转换到“int”，可能丢失数据
     1>c:\users\kirito\documents\visual studio 2010\projects\picture\picture\picturedlg.cpp(983): warning C4244: “初始化”: 从“double”转换到“int”，可能丢失数据
     1>c:\users\kirito\documents\visual studio 2010\projects\picture\picture\picturedlg.cpp(984): warning C4244: “初始化”: 从“double”转换到“int”，可能丢失数据
     1>c:\users\kirito\documents\visual studio 2010\projects\picture\picture\picturedlg.cpp(984): warning C4244: “初始化”: 从“double”转换到“int”，可能丢失数据
     1>c:\users\kirito\documents\visual studio 2010\projects\picture\picture\picturedlg.cpp(984): warning C4244: “初始化”: 从“double”转换到“int”，可能丢失数据
     1>c:\users\kirito\documents\visual studio 2010\projects\picture\picture\picturedlg.cpp(984): warning C4244: “初始化”: 从“double”转换到“int”，可能丢失数据
     1>c:\users\kirito\documents\visual studio 2010\projects\picture\picture\picturedlg.cpp(984): warning C4244: “初始化”: 从“double”转换到“int”，可能丢失数据
     1>c:\users\kirito\documents\visual studio 2010\projects\picture\picture\picturedlg.cpp(985): warning C4244: “初始化”: 从“double”转换到“int”，可能丢失数据
     1>c:\users\kirito\documents\visual studio 2010\projects\picture\picture\picturedlg.cpp(985): warning C4244: “初始化”: 从“double”转换到“int”，可能丢失数据
     1>c:\users\kirito\documents\visual studio 2010\projects\picture\picture\picturedlg.cpp(985): warning C4244: “初始化”: 从“double”转换到“int”，可能丢失数据
     1>c:\users\kirito\documents\visual studio 2010\projects\picture\picture\picturedlg.cpp(985): warning C4244: “初始化”: 从“double”转换到“int”，可能丢失数据
     1>c:\users\kirito\documents\visual studio 2010\projects\picture\picture\picturedlg.cpp(985): warning C4244: “初始化”: 从“double”转换到“int”，可能丢失数据
     1>c:\users\kirito\documents\visual studio 2010\projects\picture\picture\picturedlg.cpp(986): warning C4244: “初始化”: 从“double”转换到“int”，可能丢失数据
     1>c:\users\kirito\documents\visual studio 2010\projects\picture\picture\picturedlg.cpp(986): warning C4244: “初始化”: 从“double”转换到“int”，可能丢失数据
     1>c:\users\kirito\documents\visual studio 2010\projects\picture\picture\picturedlg.cpp(986): warning C4244: “初始化”: 从“double”转换到“int”，可能丢失数据
     1>c:\users\kirito\documents\visual studio 2010\projects\picture\picture\picturedlg.cpp(986): warning C4244: “初始化”: 从“double”转换到“int”，可能丢失数据
     1>c:\users\kirito\documents\visual studio 2010\projects\picture\picture\picturedlg.cpp(986): warning C4244: “初始化”: 从“double”转换到“int”，可能丢失数据
     1>c:\users\kirito\documents\visual studio 2010\projects\picture\picture\picturedlg.cpp(997): warning C4244: “初始化”: 从“double”转换到“int”，可能丢失数据
     1>c:\users\kirito\documents\visual studio 2010\projects\picture\picture\picturedlg.cpp(997): warning C4244: “初始化”: 从“double”转换到“int”，可能丢失数据
     1>c:\users\kirito\documents\visual studio 2010\projects\picture\picture\picturedlg.cpp(997): warning C4244: “初始化”: 从“double”转换到“int”，可能丢失数据
     1>c:\users\kirito\documents\visual studio 2010\projects\picture\picture\picturedlg.cpp(997): warning C4244: “初始化”: 从“double”转换到“int”，可能丢失数据
     1>c:\users\kirito\documents\visual studio 2010\projects\picture\picture\picturedlg.cpp(997): warning C4244: “初始化”: 从“double”转换到“int”，可能丢失数据
     1>c:\users\kirito\documents\visual studio 2010\projects\picture\picture\picturedlg.cpp(998): warning C4244: “初始化”: 从“double”转换到“int”，可能丢失数据
     1>c:\users\kirito\documents\visual studio 2010\projects\picture\picture\picturedlg.cpp(998): warning C4244: “初始化”: 从“double”转换到“int”，可能丢失数据
     1>c:\users\kirito\documents\visual studio 2010\projects\picture\picture\picturedlg.cpp(998): warning C4244: “初始化”: 从“double”转换到“int”，可能丢失数据
     1>c:\users\kirito\documents\visual studio 2010\projects\picture\picture\picturedlg.cpp(998): warning C4244: “初始化”: 从“double”转换到“int”，可能丢失数据
     1>c:\users\kirito\documents\visual studio 2010\projects\picture\picture\picturedlg.cpp(998): warning C4244: “初始化”: 从“double”转换到“int”，可能丢失数据
     1>c:\users\kirito\documents\visual studio 2010\projects\picture\picture\picturedlg.cpp(999): warning C4244: “初始化”: 从“double”转换到“int”，可能丢失数据
     1>c:\users\kirito\documents\visual studio 2010\projects\picture\picture\picturedlg.cpp(999): warning C4244: “初始化”: 从“double”转换到“int”，可能丢失数据
     1>c:\users\kirito\documents\visual studio 2010\projects\picture\picture\picturedlg.cpp(999): warning C4244: “初始化”: 从“double”转换到“int”，可能丢失数据
     1>c:\users\kirito\documents\visual studio 2010\projects\picture\picture\picturedlg.cpp(999): warning C4244: “初始化”: 从“double”转换到“int”，可能丢失数据
     1>c:\users\kirito\documents\visual studio 2010\projects\picture\picture\picturedlg.cpp(999): warning C4244: “初始化”: 从“double”转换到“int”，可能丢失数据
     1>c:\users\kirito\documents\visual studio 2010\projects\picture\picture\picturedlg.cpp(1000): warning C4244: “初始化”: 从“double”转换到“int”，可能丢失数据
     1>c:\users\kirito\documents\visual studio 2010\projects\picture\picture\picturedlg.cpp(1000): warning C4244: “初始化”: 从“double”转换到“int”，可能丢失数据
     1>c:\users\kirito\documents\visual studio 2010\projects\picture\picture\picturedlg.cpp(1000): warning C4244: “初始化”: 从“double”转换到“int”，可能丢失数据
     1>c:\users\kirito\documents\visual studio 2010\projects\picture\picture\picturedlg.cpp(1000): warning C4244: “初始化”: 从“double”转换到“int”，可能丢失数据
     1>c:\users\kirito\documents\visual studio 2010\projects\picture\picture\picturedlg.cpp(1000): warning C4244: “初始化”: 从“double”转换到“int”，可能丢失数据
     1>c:\users\kirito\documents\visual studio 2010\projects\picture\picture\picturedlg.cpp(1001): warning C4244: “初始化”: 从“double”转换到“int”，可能丢失数据
     1>c:\users\kirito\documents\visual studio 2010\projects\picture\picture\picturedlg.cpp(1001): warning C4244: “初始化”: 从“double”转换到“int”，可能丢失数据
     1>c:\users\kirito\documents\visual studio 2010\projects\picture\picture\picturedlg.cpp(1001): warning C4244: “初始化”: 从“double”转换到“int”，可能丢失数据
     1>c:\users\kirito\documents\visual studio 2010\projects\picture\picture\picturedlg.cpp(1001): warning C4244: “初始化”: 从“double”转换到“int”，可能丢失数据
     1>c:\users\kirito\documents\visual studio 2010\projects\picture\picture\picturedlg.cpp(1001): warning C4244: “初始化”: 从“double”转换到“int”，可能丢失数据
     1>c:\users\kirito\documents\visual studio 2010\projects\picture\picture\picturedlg.cpp(1012): warning C4244: “初始化”: 从“double”转换到“int”，可能丢失数据
     1>c:\users\kirito\documents\visual studio 2010\projects\picture\picture\picturedlg.cpp(1012): warning C4244: “初始化”: 从“double”转换到“int”，可能丢失数据
     1>c:\users\kirito\documents\visual studio 2010\projects\picture\picture\picturedlg.cpp(1012): warning C4244: “初始化”: 从“double”转换到“int”，可能丢失数据
     1>c:\users\kirito\documents\visual studio 2010\projects\picture\picture\picturedlg.cpp(1012): warning C4244: “初始化”: 从“double”转换到“int”，可能丢失数据
     1>c:\users\kirito\documents\visual studio 2010\projects\picture\picture\picturedlg.cpp(1012): warning C4244: “初始化”: 从“double”转换到“int”，可能丢失数据
     1>c:\users\kirito\documents\visual studio 2010\projects\picture\picture\picturedlg.cpp(1013): warning C4244: “初始化”: 从“double”转换到“int”，可能丢失数据
     1>c:\users\kirito\documents\visual studio 2010\projects\picture\picture\picturedlg.cpp(1013): warning C4244: “初始化”: 从“double”转换到“int”，可能丢失数据
     1>c:\users\kirito\documents\visual studio 2010\projects\picture\picture\picturedlg.cpp(1013): warning C4244: “初始化”: 从“double”转换到“int”，可能丢失数据
     1>c:\users\kirito\documents\visual studio 2010\projects\picture\picture\picturedlg.cpp(1013): warning C4244: “初始化”: 从“double”转换到“int”，可能丢失数据
     1>c:\users\kirito\documents\visual studio 2010\projects\picture\picture\picturedlg.cpp(1013): warning C4244: “初始化”: 从“double”转换到“int”，可能丢失数据
     1>c:\users\kirito\documents\visual studio 2010\projects\picture\picture\picturedlg.cpp(1014): warning C4244: “初始化”: 从“double”转换到“int”，可能丢失数据
     1>c:\users\kirito\documents\visual studio 2010\projects\picture\picture\picturedlg.cpp(1014): warning C4244: “初始化”: 从“double”转换到“int”，可能丢失数据
     1>c:\users\kirito\documents\visual studio 2010\projects\picture\picture\picturedlg.cpp(1014): warning C4244: “初始化”: 从“double”转换到“int”，可能丢失数据
     1>c:\users\kirito\documents\visual studio 2010\projects\picture\picture\picturedlg.cpp(1014): warning C4244: “初始化”: 从“double”转换到“int”，可能丢失数据
     1>c:\users\kirito\documents\visual studio 2010\projects\picture\picture\picturedlg.cpp(1014): warning C4244: “初始化”: 从“double”转换到“int”，可能丢失数据
     1>c:\users\kirito\documents\visual studio 2010\projects\picture\picture\picturedlg.cpp(1015): warning C4244: “初始化”: 从“double”转换到“int”，可能丢失数据
     1>c:\users\kirito\documents\visual studio 2010\projects\picture\picture\picturedlg.cpp(1015): warning C4244: “初始化”: 从“double”转换到“int”，可能丢失数据
     1>c:\users\kirito\documents\visual studio 2010\projects\picture\picture\picturedlg.cpp(1015): warning C4244: “初始化”: 从“double”转换到“int”，可能丢失数据
     1>c:\users\kirito\documents\visual studio 2010\projects\picture\picture\picturedlg.cpp(1015): warning C4244: “初始化”: 从“double”转换到“int”，可能丢失数据
     1>c:\users\kirito\documents\visual studio 2010\projects\picture\picture\picturedlg.cpp(1015): warning C4244: “初始化”: 从“double”转换到“int”，可能丢失数据
     1>c:\users\kirito\documents\visual studio 2010\projects\picture\picture\picturedlg.cpp(1016): warning C4244: “初始化”: 从“double”转换到“int”，可能丢失数据
     1>c:\users\kirito\documents\visual studio 2010\projects\picture\picture\picturedlg.cpp(1016): warning C4244: “初始化”: 从“double”转换到“int”，可能丢失数据
     1>c:\users\kirito\documents\visual studio 2010\projects\picture\picture\picturedlg.cpp(1016): warning C4244: “初始化”: 从“double”转换到“int”，可能丢失数据
     1>c:\users\kirito\documents\visual studio 2010\projects\picture\picture\picturedlg.cpp(1016): warning C4244: “初始化”: 从“double”转换到“int”，可能丢失数据
     1>c:\users\kirito\documents\visual studio 2010\projects\picture\picture\picturedlg.cpp(1016): warning C4244: “初始化”: 从“double”转换到“int”，可能丢失数据
     1>c:\users\kirito\documents\visual studio 2010\projects\picture\picture\picturedlg.cpp(1027): warning C4244: “初始化”: 从“double”转换到“int”，可能丢失数据
     1>c:\users\kirito\documents\visual studio 2010\projects\picture\picture\picturedlg.cpp(1027): warning C4244: “初始化”: 从“double”转换到“int”，可能丢失数据
     1>c:\users\kirito\documents\visual studio 2010\projects\picture\picture\picturedlg.cpp(1027): warning C4244: “初始化”: 从“double”转换到“int”，可能丢失数据
     1>c:\users\kirito\documents\visual studio 2010\projects\picture\picture\picturedlg.cpp(1027): warning C4244: “初始化”: 从“double”转换到“int”，可能丢失数据
     1>c:\users\kirito\documents\visual studio 2010\projects\picture\picture\picturedlg.cpp(1027): warning C4244: “初始化”: 从“double”转换到“int”，可能丢失数据
     1>c:\users\kirito\documents\visual studio 2010\projects\picture\picture\picturedlg.cpp(1028): warning C4244: “初始化”: 从“double”转换到“int”，可能丢失数据
     1>c:\users\kirito\documents\visual studio 2010\projects\picture\picture\picturedlg.cpp(1028): warning C4244: “初始化”: 从“double”转换到“int”，可能丢失数据
     1>c:\users\kirito\documents\visual studio 2010\projects\picture\picture\picturedlg.cpp(1028): warning C4244: “初始化”: 从“double”转换到“int”，可能丢失数据
     1>c:\users\kirito\documents\visual studio 2010\projects\picture\picture\picturedlg.cpp(1028): warning C4244: “初始化”: 从“double”转换到“int”，可能丢失数据
     1>c:\users\kirito\documents\visual studio 2010\projects\picture\picture\picturedlg.cpp(1028): warning C4244: “初始化”: 从“double”转换到“int”，可能丢失数据
     1>c:\users\kirito\documents\visual studio 2010\projects\picture\picture\picturedlg.cpp(1029): warning C4244: “初始化”: 从“double”转换到“int”，可能丢失数据
     1>c:\users\kirito\documents\visual studio 2010\projects\picture\picture\picturedlg.cpp(1029): warning C4244: “初始化”: 从“double”转换到“int”，可能丢失数据
     1>c:\users\kirito\documents\visual studio 2010\projects\picture\picture\picturedlg.cpp(1029): warning C4244: “初始化”: 从“double”转换到“int”，可能丢失数据
     1>c:\users\kirito\documents\visual studio 2010\projects\picture\picture\picturedlg.cpp(1029): warning C4244: “初始化”: 从“double”转换到“int”，可能丢失数据
     1>c:\users\kirito\documents\visual studio 2010\projects\picture\picture\picturedlg.cpp(1029): warning C4244: “初始化”: 从“double”转换到“int”，可能丢失数据
     1>c:\users\kirito\documents\visual studio 2010\projects\picture\picture\picturedlg.cpp(1030): warning C4244: “初始化”: 从“double”转换到“int”，可能丢失数据
     1>c:\users\kirito\documents\visual studio 2010\projects\picture\picture\picturedlg.cpp(1030): warning C4244: “初始化”: 从“double”转换到“int”，可能丢失数据
     1>c:\users\kirito\documents\visual studio 2010\projects\picture\picture\picturedlg.cpp(1030): warning C4244: “初始化”: 从“double”转换到“int”，可能丢失数据
     1>c:\users\kirito\documents\visual studio 2010\projects\picture\picture\picturedlg.cpp(1030): warning C4244: “初始化”: 从“double”转换到“int”，可能丢失数据
     1>c:\users\kirito\documents\visual studio 2010\projects\picture\picture\picturedlg.cpp(1030): warning C4244: “初始化”: 从“double”转换到“int”，可能丢失数据
     1>c:\users\kirito\documents\visual studio 2010\projects\picture\picture\picturedlg.cpp(1031): warning C4244: “初始化”: 从“double”转换到“int”，可能丢失数据
     1>c:\users\kirito\documents\visual studio 2010\projects\picture\picture\picturedlg.cpp(1031): warning C4244: “初始化”: 从“double”转换到“int”，可能丢失数据
     1>c:\users\kirito\documents\visual studio 2010\projects\picture\picture\picturedlg.cpp(1031): warning C4244: “初始化”: 从“double”转换到“int”，可能丢失数据
     1>c:\users\kirito\documents\visual studio 2010\projects\picture\picture\picturedlg.cpp(1031): warning C4244: “初始化”: 从“double”转换到“int”，可能丢失数据
     1>c:\users\kirito\documents\visual studio 2010\projects\picture\picture\picturedlg.cpp(1031): warning C4244: “初始化”: 从“double”转换到“int”，可能丢失数据
     1>c:\users\kirito\documents\visual studio 2010\projects\picture\picture\picturedlg.cpp(1141): warning C4129: “I”: 不可识别的字符转义序列
       ResourceCompile:
         所有输出均为最新。
       ManifestResourceCompile:
         所有输出均为最新。
       Link:
         E:\Program Files (x86)\Microsoft Visual Studio 10.0\VC\bin\link.exe /ERRORREPORT:PROMPT /OUT:"C:\Users\Kirito\Documents\Visual Studio 2010\Projects\picture\Debug\picture.exe" /INCREMENTAL /NOLOGO opencv_calib3d2410d.lib opencv_contrib2410d.lib opencv_core2410d.lib opencv_features2d2410d.lib opencv_flann2410d.lib opencv_gpu2410d.lib opencv_highgui2410d.lib opencv_imgproc2410d.lib opencv_legacy2410d.lib opencv_ml2410d.lib opencv_objdetect2410d.lib opencv_ts2410d.lib opencv_video2410d.lib /MANIFEST /ManifestFile:"Debug\picture.exe.intermediate.manifest" /MANIFESTUAC:"level='asInvoker' uiAccess='false'" /DEBUG /PDB:"C:\Users\Kirito\Documents\Visual Studio 2010\Projects\picture\Debug\picture.pdb" /SUBSYSTEM:WINDOWS /TLBID:1 /DYNAMICBASE /NXCOMPAT /IMPLIB:"C:\Users\Kirito\Documents\Visual Studio 2010\Projects\picture\Debug\picture.lib" /MACHINE:X86 Debug\picture.res
         Debug\picture.exe.embed.manifest.res
         Debug\CvvImage.obj
         Debug\ExpGrayTranDlg.obj
         Debug\GammaTranDlg.obj
         Debug\GeometricTranDlg.obj
         Debug\GreyDlg.obj
         Debug\ImageBase.obj
         Debug\ImageEnhancement.obj
         Debug\ImageFeatures.obj
         Debug\ImageGeometry.obj
         Debug\ImageMathematicalMorphology.obj
         Debug\ImageSegmentation.obj
         Debug\LogarithmDlg.obj
         Debug\MinThresholdDlg.obj
         Debug\MorphologyDlg.obj
         Debug\picture.obj
         Debug\pictureDlg.obj
         Debug\stdafx.obj
       Manifest:
         C:\Program Files (x86)\Microsoft SDKs\Windows\v7.0A\bin\mt.exe /nologo /verbose /out:"Debug\picture.exe.embed.manifest" /manifest Debug\picture.exe.intermediate.manifest "E:\Program Files (x86)\Microsoft Visual Studio 10.0\VC\Include\Manifest\dpiaware.manifest"
         所有输出均为最新。
       LinkEmbedManifest:
         所有输出均为最新。
         picture.vcxproj -> C:\Users\Kirito\Documents\Visual Studio 2010\Projects\picture\Debug\picture.exe
       FinalizeBuildStatus:
         正在删除文件“Debug\picture.unsuccessfulbuild”。
         正在对“Debug\picture.lastbuildstate”执行 Touch 任务。
     1>已完成生成项目“C:\Users\Kirito\Documents\Visual Studio 2010\Projects\picture\picture\picture.vcxproj”(build 个目标)的操作。

生成成功。

已用时间 00:00:06.31
